2026-02-10 19:56:09 [main] INFO  p.f.adventure.AdventureApplication - Starting AdventureApplication using Java 21.0.8 with PID 51936 (C:\work\jobs\40 - Pictet\adventure-books\target\classes started by sandb in C:\work\jobs\40 - Pictet\adventure-books)
2026-02-10 19:56:09 [main] INFO  p.f.adventure.AdventureApplication - The following 1 profile is active: "dev"
2026-02-10 19:56:09 [main] INFO  o.s.b.d.c.l.DockerComposeLifecycleManager - Using Docker Compose file C:\work\jobs\40 - Pictet\adventure-books\docker-compose.yaml
2026-02-10 19:56:10 [main] INFO  o.s.b.d.c.l.DockerComposeLifecycleManager - There are already Docker Compose services running, skipping startup
2026-02-10 19:56:11 [main] INFO  o.s.d.r.c.RepositoryConfigurationDelegate - Bootstrapping Spring Data JPA repositories in DEFAULT mode.
2026-02-10 19:56:11 [main] INFO  o.s.d.r.c.RepositoryConfigurationDelegate - Finished Spring Data repository scanning in 43 ms. Found 5 JPA repository interfaces.
2026-02-10 19:56:12 [main] INFO  o.s.boot.tomcat.TomcatWebServer - Tomcat initialized with port 8080 (http)
2026-02-10 19:56:12 [main] INFO  o.a.coyote.http11.Http11NioProtocol - Initializing ProtocolHandler ["http-nio-8080"]
2026-02-10 19:56:12 [main] INFO  o.a.catalina.core.StandardService - Starting service [Tomcat]
2026-02-10 19:56:12 [main] INFO  o.a.catalina.core.StandardEngine - Starting Servlet engine: [Apache Tomcat/11.0.15]
2026-02-10 19:56:12 [main] INFO  o.s.b.w.c.s.WebApplicationContextInitializer - Root WebApplicationContext: initialization completed in 1678 ms
2026-02-10 19:56:12 [main] INFO  com.zaxxer.hikari.HikariDataSource - HikariPool-1 - Starting...
2026-02-10 19:56:13 [main] INFO  com.zaxxer.hikari.pool.HikariPool - HikariPool-1 - Added connection org.postgresql.jdbc.PgConnection@6fe5da76
2026-02-10 19:56:13 [main] INFO  com.zaxxer.hikari.HikariDataSource - HikariPool-1 - Start completed.
2026-02-10 19:56:13 [main] INFO  org.hibernate.orm.jpa - HHH008540: Processing PersistenceUnitInfo [name: default]
2026-02-10 19:56:13 [main] INFO  org.hibernate.orm.core - HHH000001: Hibernate ORM core version 7.2.1.Final
2026-02-10 19:56:13 [main] INFO  o.s.o.j.p.SpringPersistenceUnitInfo - No LoadTimeWeaver setup: ignoring JPA class transformer
2026-02-10 19:56:13 [main] INFO  o.hibernate.orm.connections.pooling - HHH10001005: Database info:
	Database JDBC URL [jdbc:postgresql://127.0.0.1:5432/adventure?ApplicationName=adventure]
	Database driver: PostgreSQL JDBC Driver
	Database dialect: PostgreSQLDialect
	Database version: 18.1
	Default catalog/schema: adventure/public
	Autocommit mode: undefined/unknown
	Isolation level: READ_COMMITTED [default READ_COMMITTED]
	JDBC fetch size: none
	Pool: DataSourceConnectionProvider
	Minimum pool size: undefined/unknown
	Maximum pool size: undefined/unknown
2026-02-10 19:56:14 [main] INFO  org.hibernate.orm.core - HHH000489: No JTA platform available (set 'hibernate.transaction.jta.platform' to enable JTA platform integration)
2026-02-10 19:56:14 [main] INFO  o.s.o.j.LocalContainerEntityManagerFactoryBean - Initialized JPA EntityManagerFactory for persistence unit 'default'
2026-02-10 19:56:14 [main] INFO  o.s.d.j.r.q.QueryEnhancerFactories - Hibernate is in classpath; If applicable, HQL parser will be used.
2026-02-10 19:56:15 [main] INFO  p.f.adventure.aspects.LoggingAspect - Repo Method Started: existsByTitleIgnoreCaseAndAuthorIgnoreCase
2026-02-10 19:56:15 [main] INFO  p.f.adventure.aspects.LoggingAspect - - Arguments: Jurassic Park
2026-02-10 19:56:15 [main] INFO  p.f.adventure.aspects.LoggingAspect - Repo Method existsByTitleIgnoreCaseAndAuthorIgnoreCase returned true
2026-02-10 19:56:15 [main] INFO  p.f.adventure.loader.BooksLoader - Skipped book: Jurassic Park by Michael Crichton
2026-02-10 19:56:15 [main] INFO  p.f.adventure.aspects.LoggingAspect - Repo Method Started: existsByTitleIgnoreCaseAndAuthorIgnoreCase
2026-02-10 19:56:15 [main] INFO  p.f.adventure.aspects.LoggingAspect - - Arguments: The Hobbit, or There and Back Again
2026-02-10 19:56:15 [main] INFO  p.f.adventure.aspects.LoggingAspect - Repo Method existsByTitleIgnoreCaseAndAuthorIgnoreCase returned true
2026-02-10 19:56:15 [main] INFO  p.f.adventure.loader.BooksLoader - Skipped book: The Hobbit, or There and Back Again by J.R.R. Tolkien
2026-02-10 19:56:15 [main] INFO  p.f.adventure.aspects.LoggingAspect - Repo Method Started: existsByTitleIgnoreCaseAndAuthorIgnoreCase
2026-02-10 19:56:15 [main] INFO  p.f.adventure.aspects.LoggingAspect - - Arguments: The Hunger Games
2026-02-10 19:56:15 [main] INFO  p.f.adventure.aspects.LoggingAspect - Repo Method existsByTitleIgnoreCaseAndAuthorIgnoreCase returned true
2026-02-10 19:56:15 [main] INFO  p.f.adventure.loader.BooksLoader - Skipped book: The Hunger Games by Suzanne Collins
2026-02-10 19:56:15 [main] INFO  p.f.adventure.aspects.LoggingAspect - Repo Method Started: existsByTitleIgnoreCaseAndAuthorIgnoreCase
2026-02-10 19:56:15 [main] INFO  p.f.adventure.aspects.LoggingAspect - - Arguments: The Fellowship of the Ring
2026-02-10 19:56:15 [main] INFO  p.f.adventure.aspects.LoggingAspect - Repo Method existsByTitleIgnoreCaseAndAuthorIgnoreCase returned true
2026-02-10 19:56:15 [main] INFO  p.f.adventure.loader.BooksLoader - Skipped book: The Fellowship of the Ring by J.R.R. Tolkien
2026-02-10 19:56:15 [main] INFO  p.f.adventure.aspects.LoggingAspect - Repo Method Started: existsByTitleIgnoreCaseAndAuthorIgnoreCase
2026-02-10 19:56:15 [main] INFO  p.f.adventure.aspects.LoggingAspect - - Arguments: The Da Vinci Code
2026-02-10 19:56:15 [main] INFO  p.f.adventure.aspects.LoggingAspect - Repo Method existsByTitleIgnoreCaseAndAuthorIgnoreCase returned true
2026-02-10 19:56:15 [main] INFO  p.f.adventure.loader.BooksLoader - Skipped book: The Da Vinci Code by Dan Brown
2026-02-10 19:56:15 [main] INFO  p.f.adventure.aspects.LoggingAspect - Repo Method Started: existsByTitleIgnoreCaseAndAuthorIgnoreCase
2026-02-10 19:56:15 [main] INFO  p.f.adventure.aspects.LoggingAspect - - Arguments: The Girl With the Dragon Tattoo
2026-02-10 19:56:15 [main] INFO  p.f.adventure.aspects.LoggingAspect - Repo Method existsByTitleIgnoreCaseAndAuthorIgnoreCase returned true
2026-02-10 19:56:15 [main] INFO  p.f.adventure.loader.BooksLoader - Skipped book: The Girl With the Dragon Tattoo by Stieg Larsson
2026-02-10 19:56:15 [main] INFO  p.f.adventure.aspects.LoggingAspect - Repo Method Started: existsByTitleIgnoreCaseAndAuthorIgnoreCase
2026-02-10 19:56:15 [main] INFO  p.f.adventure.aspects.LoggingAspect - - Arguments: The Bourne Identity
2026-02-10 19:56:15 [main] INFO  p.f.adventure.aspects.LoggingAspect - Repo Method existsByTitleIgnoreCaseAndAuthorIgnoreCase returned true
2026-02-10 19:56:15 [main] INFO  p.f.adventure.loader.BooksLoader - Skipped book: The Bourne Identity by Robert Ludlum
2026-02-10 19:56:15 [main] INFO  p.f.adventure.aspects.LoggingAspect - Repo Method Started: existsByTitleIgnoreCaseAndAuthorIgnoreCase
2026-02-10 19:56:15 [main] INFO  p.f.adventure.aspects.LoggingAspect - - Arguments: The Count of Monte Cristo
2026-02-10 19:56:15 [main] INFO  p.f.adventure.aspects.LoggingAspect - Repo Method existsByTitleIgnoreCaseAndAuthorIgnoreCase returned true
2026-02-10 19:56:15 [main] INFO  p.f.adventure.loader.BooksLoader - Skipped book: The Count of Monte Cristo by Alexandre Dumas
2026-02-10 19:56:15 [main] INFO  p.f.adventure.aspects.LoggingAspect - Repo Method Started: existsByTitleIgnoreCaseAndAuthorIgnoreCase
2026-02-10 19:56:15 [main] INFO  p.f.adventure.aspects.LoggingAspect - - Arguments: The Hunt for Red October
2026-02-10 19:56:15 [main] INFO  p.f.adventure.aspects.LoggingAspect - Repo Method existsByTitleIgnoreCaseAndAuthorIgnoreCase returned true
2026-02-10 19:56:15 [main] INFO  p.f.adventure.loader.BooksLoader - Skipped book: The Hunt for Red October by Tom Clancy
2026-02-10 19:56:15 [main] INFO  p.f.adventure.aspects.LoggingAspect - Repo Method Started: existsByTitleIgnoreCaseAndAuthorIgnoreCase
2026-02-10 19:56:15 [main] INFO  p.f.adventure.aspects.LoggingAspect - - Arguments: The Return of the King
2026-02-10 19:56:15 [main] INFO  p.f.adventure.aspects.LoggingAspect - Repo Method existsByTitleIgnoreCaseAndAuthorIgnoreCase returned true
2026-02-10 19:56:15 [main] INFO  p.f.adventure.loader.BooksLoader - Skipped book: The Return of the King by J.R.R. Tolkien
2026-02-10 19:56:15 [main] INFO  p.f.adventure.aspects.LoggingAspect - Repo Method Started: existsByTitleIgnoreCaseAndAuthorIgnoreCase
2026-02-10 19:56:15 [main] INFO  p.f.adventure.aspects.LoggingAspect - - Arguments: Divergent
2026-02-10 19:56:15 [main] INFO  p.f.adventure.aspects.LoggingAspect - Repo Method existsByTitleIgnoreCaseAndAuthorIgnoreCase returned true
2026-02-10 19:56:15 [main] INFO  p.f.adventure.loader.BooksLoader - Skipped book: Divergent by Veronica Roth
2026-02-10 19:56:15 [main] INFO  p.f.adventure.aspects.LoggingAspect - Repo Method Started: existsByTitleIgnoreCaseAndAuthorIgnoreCase
2026-02-10 19:56:15 [main] INFO  p.f.adventure.aspects.LoggingAspect - - Arguments: A Game of Thrones
2026-02-10 19:56:15 [main] INFO  p.f.adventure.aspects.LoggingAspect - Repo Method existsByTitleIgnoreCaseAndAuthorIgnoreCase returned true
2026-02-10 19:56:15 [main] INFO  p.f.adventure.loader.BooksLoader - Skipped book: A Game of Thrones by George R.R. Martin
2026-02-10 19:56:15 [main] INFO  p.f.adventure.aspects.LoggingAspect - Repo Method Started: existsByTitleIgnoreCaseAndAuthorIgnoreCase
2026-02-10 19:56:15 [main] INFO  p.f.adventure.aspects.LoggingAspect - - Arguments: Catching Fire
2026-02-10 19:56:15 [main] INFO  p.f.adventure.aspects.LoggingAspect - Repo Method existsByTitleIgnoreCaseAndAuthorIgnoreCase returned true
2026-02-10 19:56:15 [main] INFO  p.f.adventure.loader.BooksLoader - Skipped book: Catching Fire by Suzanne Collins
2026-02-10 19:56:15 [main] INFO  p.f.adventure.aspects.LoggingAspect - Repo Method Started: existsByTitleIgnoreCaseAndAuthorIgnoreCase
2026-02-10 19:56:15 [main] INFO  p.f.adventure.aspects.LoggingAspect - - Arguments: Murder on Family Grounds
2026-02-10 19:56:15 [main] INFO  p.f.adventure.aspects.LoggingAspect - Repo Method existsByTitleIgnoreCaseAndAuthorIgnoreCase returned true
2026-02-10 19:56:15 [main] INFO  p.f.adventure.loader.BooksLoader - Skipped book: Murder on Family Grounds by Susan Rowland
2026-02-10 19:56:15 [main] INFO  p.f.adventure.aspects.LoggingAspect - Repo Method Started: existsByTitleIgnoreCaseAndAuthorIgnoreCase
2026-02-10 19:56:15 [main] INFO  p.f.adventure.aspects.LoggingAspect - - Arguments: The Lord of the Rings
2026-02-10 19:56:15 [main] INFO  p.f.adventure.aspects.LoggingAspect - Repo Method existsByTitleIgnoreCaseAndAuthorIgnoreCase returned true
2026-02-10 19:56:15 [main] INFO  p.f.adventure.loader.BooksLoader - Skipped book: The Lord of the Rings by J.R.R. Tolkien
2026-02-10 19:56:15 [main] INFO  p.f.adventure.aspects.LoggingAspect - Repo Method Started: existsByTitleIgnoreCaseAndAuthorIgnoreCase
2026-02-10 19:56:15 [main] INFO  p.f.adventure.aspects.LoggingAspect - - Arguments: The Three Musketeers
2026-02-10 19:56:15 [main] INFO  p.f.adventure.aspects.LoggingAspect - Repo Method existsByTitleIgnoreCaseAndAuthorIgnoreCase returned true
2026-02-10 19:56:15 [main] INFO  p.f.adventure.loader.BooksLoader - Skipped book: The Three Musketeers by Alexandre Dumas
2026-02-10 19:56:15 [main] INFO  p.f.adventure.aspects.LoggingAspect - Repo Method Started: existsByTitleIgnoreCaseAndAuthorIgnoreCase
2026-02-10 19:56:15 [main] INFO  p.f.adventure.aspects.LoggingAspect - - Arguments: Treasure Island
2026-02-10 19:56:15 [main] INFO  p.f.adventure.aspects.LoggingAspect - Repo Method existsByTitleIgnoreCaseAndAuthorIgnoreCase returned true
2026-02-10 19:56:15 [main] INFO  p.f.adventure.loader.BooksLoader - Skipped book: Treasure Island by Robert Louis Stevenson
2026-02-10 19:56:15 [main] INFO  p.f.adventure.aspects.LoggingAspect - Repo Method Started: existsByTitleIgnoreCaseAndAuthorIgnoreCase
2026-02-10 19:56:15 [main] INFO  p.f.adventure.aspects.LoggingAspect - - Arguments: Mockingjay
2026-02-10 19:56:15 [main] INFO  p.f.adventure.aspects.LoggingAspect - Repo Method existsByTitleIgnoreCaseAndAuthorIgnoreCase returned true
2026-02-10 19:56:15 [main] INFO  p.f.adventure.loader.BooksLoader - Skipped book: Mockingjay by Suzanne Collins
2026-02-10 19:56:15 [main] INFO  p.f.adventure.aspects.LoggingAspect - Repo Method Started: existsByTitleIgnoreCaseAndAuthorIgnoreCase
2026-02-10 19:56:15 [main] INFO  p.f.adventure.aspects.LoggingAspect - - Arguments: Patriot Games
2026-02-10 19:56:15 [main] INFO  p.f.adventure.aspects.LoggingAspect - Repo Method existsByTitleIgnoreCaseAndAuthorIgnoreCase returned true
2026-02-10 19:56:15 [main] INFO  p.f.adventure.loader.BooksLoader - Skipped book: Patriot Games by Tom Clancy
2026-02-10 19:56:15 [main] INFO  p.f.adventure.aspects.LoggingAspect - Repo Method Started: existsByTitleIgnoreCaseAndAuthorIgnoreCase
2026-02-10 19:56:15 [main] INFO  p.f.adventure.aspects.LoggingAspect - - Arguments: Harry Potter and the Sorcerer's Stone
2026-02-10 19:56:15 [main] INFO  p.f.adventure.aspects.LoggingAspect - Repo Method existsByTitleIgnoreCaseAndAuthorIgnoreCase returned true
2026-02-10 19:56:15 [main] INFO  p.f.adventure.loader.BooksLoader - Skipped book: Harry Potter and the Sorcerer's Stone by J.K. Rowling
2026-02-10 19:56:15 [main] INFO  p.f.adventure.aspects.LoggingAspect - Repo Method Started: existsByTitleIgnoreCaseAndAuthorIgnoreCase
2026-02-10 19:56:15 [main] INFO  p.f.adventure.aspects.LoggingAspect - - Arguments: And Then There Were None
2026-02-10 19:56:15 [main] INFO  p.f.adventure.aspects.LoggingAspect - Repo Method existsByTitleIgnoreCaseAndAuthorIgnoreCase returned true
2026-02-10 19:56:15 [main] INFO  p.f.adventure.loader.BooksLoader - Skipped book: And Then There Were None by Agatha Christie
2026-02-10 19:56:15 [main] INFO  p.f.adventure.aspects.LoggingAspect - Repo Method Started: existsByTitleIgnoreCaseAndAuthorIgnoreCase
2026-02-10 19:56:15 [main] INFO  p.f.adventure.aspects.LoggingAspect - - Arguments: The Lost World
2026-02-10 19:56:15 [main] INFO  p.f.adventure.aspects.LoggingAspect - Repo Method existsByTitleIgnoreCaseAndAuthorIgnoreCase returned true
2026-02-10 19:56:15 [main] INFO  p.f.adventure.loader.BooksLoader - Skipped book: The Lost World by Michael Crichton
2026-02-10 19:56:15 [main] INFO  p.f.adventure.aspects.LoggingAspect - Repo Method Started: existsByTitleIgnoreCaseAndAuthorIgnoreCase
2026-02-10 19:56:15 [main] INFO  p.f.adventure.aspects.LoggingAspect - - Arguments: Dune
2026-02-10 19:56:15 [main] INFO  p.f.adventure.aspects.LoggingAspect - Repo Method existsByTitleIgnoreCaseAndAuthorIgnoreCase returned true
2026-02-10 19:56:15 [main] INFO  p.f.adventure.loader.BooksLoader - Skipped book: Dune by Frank Herbert
2026-02-10 19:56:15 [main] INFO  p.f.adventure.aspects.LoggingAspect - Repo Method Started: existsByTitleIgnoreCaseAndAuthorIgnoreCase
2026-02-10 19:56:15 [main] INFO  p.f.adventure.aspects.LoggingAspect - - Arguments: The Two Towers
2026-02-10 19:56:15 [main] INFO  p.f.adventure.aspects.LoggingAspect - Repo Method existsByTitleIgnoreCaseAndAuthorIgnoreCase returned true
2026-02-10 19:56:15 [main] INFO  p.f.adventure.loader.BooksLoader - Skipped book: The Two Towers by J.R.R. Tolkien
2026-02-10 19:56:15 [main] INFO  p.f.adventure.aspects.LoggingAspect - Repo Method Started: existsByTitleIgnoreCaseAndAuthorIgnoreCase
2026-02-10 19:56:15 [main] INFO  p.f.adventure.aspects.LoggingAspect - - Arguments: The Pillars of the Earth
2026-02-10 19:56:15 [main] INFO  p.f.adventure.aspects.LoggingAspect - Repo Method existsByTitleIgnoreCaseAndAuthorIgnoreCase returned true
2026-02-10 19:56:15 [main] INFO  p.f.adventure.loader.BooksLoader - Skipped book: The Pillars of the Earth by Ken Follett
2026-02-10 19:56:15 [main] INFO  p.f.adventure.aspects.LoggingAspect - Repo Method Started: existsByTitleIgnoreCaseAndAuthorIgnoreCase
2026-02-10 19:56:15 [main] INFO  p.f.adventure.aspects.LoggingAspect - - Arguments: Deception Point
2026-02-10 19:56:15 [main] INFO  p.f.adventure.aspects.LoggingAspect - Repo Method existsByTitleIgnoreCaseAndAuthorIgnoreCase returned true
2026-02-10 19:56:15 [main] INFO  p.f.adventure.loader.BooksLoader - Skipped book: Deception Point by Dan Brown
2026-02-10 19:56:15 [main] INFO  p.f.adventure.aspects.LoggingAspect - Repo Method Started: existsByTitleIgnoreCaseAndAuthorIgnoreCase
2026-02-10 19:56:15 [main] INFO  p.f.adventure.aspects.LoggingAspect - - Arguments: The Sum of All Fears
2026-02-10 19:56:15 [main] INFO  p.f.adventure.aspects.LoggingAspect - Repo Method existsByTitleIgnoreCaseAndAuthorIgnoreCase returned true
2026-02-10 19:56:15 [main] INFO  p.f.adventure.loader.BooksLoader - Skipped book: The Sum of All Fears by Tom Clancy
2026-02-10 19:56:15 [main] INFO  p.f.adventure.aspects.LoggingAspect - Repo Method Started: existsByTitleIgnoreCaseAndAuthorIgnoreCase
2026-02-10 19:56:15 [main] INFO  p.f.adventure.aspects.LoggingAspect - - Arguments: Ice Station
2026-02-10 19:56:15 [main] INFO  p.f.adventure.aspects.LoggingAspect - Repo Method existsByTitleIgnoreCaseAndAuthorIgnoreCase returned true
2026-02-10 19:56:15 [main] INFO  p.f.adventure.loader.BooksLoader - Skipped book: Ice Station by Matthew Reilly
2026-02-10 19:56:15 [main] INFO  p.f.adventure.aspects.LoggingAspect - Repo Method Started: existsByTitleIgnoreCaseAndAuthorIgnoreCase
2026-02-10 19:56:15 [main] INFO  p.f.adventure.aspects.LoggingAspect - - Arguments: Twenty Years Later
2026-02-10 19:56:15 [main] INFO  p.f.adventure.aspects.LoggingAspect - Repo Method existsByTitleIgnoreCaseAndAuthorIgnoreCase returned true
2026-02-10 19:56:15 [main] INFO  p.f.adventure.loader.BooksLoader - Skipped book: Twenty Years Later by Charlie Donlea
2026-02-10 19:56:15 [main] INFO  p.f.adventure.aspects.LoggingAspect - Repo Method Started: existsByTitleIgnoreCaseAndAuthorIgnoreCase
2026-02-10 19:56:15 [main] INFO  p.f.adventure.aspects.LoggingAspect - - Arguments: Killing Floor
2026-02-10 19:56:15 [main] INFO  p.f.adventure.aspects.LoggingAspect - Repo Method existsByTitleIgnoreCaseAndAuthorIgnoreCase returned true
2026-02-10 19:56:15 [main] INFO  p.f.adventure.loader.BooksLoader - Skipped book: Killing Floor by Lee Child
2026-02-10 19:56:15 [main] INFO  p.f.adventure.aspects.LoggingAspect - Repo Method Started: existsByTitleIgnoreCaseAndAuthorIgnoreCase
2026-02-10 19:56:15 [main] INFO  p.f.adventure.aspects.LoggingAspect - - Arguments: The Girl Who Played with Fire
2026-02-10 19:56:15 [main] INFO  p.f.adventure.aspects.LoggingAspect - Repo Method existsByTitleIgnoreCaseAndAuthorIgnoreCase returned true
2026-02-10 19:56:15 [main] INFO  p.f.adventure.loader.BooksLoader - Skipped book: The Girl Who Played with Fire by Stieg Larsson
2026-02-10 19:56:15 [main] INFO  p.f.adventure.aspects.LoggingAspect - Repo Method Started: existsByTitleIgnoreCaseAndAuthorIgnoreCase
2026-02-10 19:56:15 [main] INFO  p.f.adventure.aspects.LoggingAspect - - Arguments: Congo
2026-02-10 19:56:15 [main] INFO  p.f.adventure.aspects.LoggingAspect - Repo Method existsByTitleIgnoreCaseAndAuthorIgnoreCase returned true
2026-02-10 19:56:15 [main] INFO  p.f.adventure.loader.BooksLoader - Skipped book: Congo by Michael Crichton
2026-02-10 19:56:15 [main] INFO  p.f.adventure.aspects.LoggingAspect - Repo Method Started: existsByTitleIgnoreCaseAndAuthorIgnoreCase
2026-02-10 19:56:15 [main] INFO  p.f.adventure.aspects.LoggingAspect - - Arguments: Counter Identity
2026-02-10 19:56:15 [main] INFO  p.f.adventure.aspects.LoggingAspect - Repo Method existsByTitleIgnoreCaseAndAuthorIgnoreCase returned true
2026-02-10 19:56:15 [main] INFO  p.f.adventure.loader.BooksLoader - Skipped book: Counter Identity by Karl Braungart
2026-02-10 19:56:15 [main] INFO  p.f.adventure.aspects.LoggingAspect - Repo Method Started: existsByTitleIgnoreCaseAndAuthorIgnoreCase
2026-02-10 19:56:15 [main] INFO  p.f.adventure.aspects.LoggingAspect - - Arguments: Ready Player One
2026-02-10 19:56:15 [main] INFO  p.f.adventure.aspects.LoggingAspect - Repo Method existsByTitleIgnoreCaseAndAuthorIgnoreCase returned true
2026-02-10 19:56:15 [main] INFO  p.f.adventure.loader.BooksLoader - Skipped book: Ready Player One by Ernest Cline
2026-02-10 19:56:15 [main] INFO  p.f.adventure.aspects.LoggingAspect - Repo Method Started: existsByTitleIgnoreCaseAndAuthorIgnoreCase
2026-02-10 19:56:15 [main] INFO  p.f.adventure.aspects.LoggingAspect - - Arguments: The Maze Runner
2026-02-10 19:56:15 [main] INFO  p.f.adventure.aspects.LoggingAspect - Repo Method existsByTitleIgnoreCaseAndAuthorIgnoreCase returned true
2026-02-10 19:56:15 [main] INFO  p.f.adventure.loader.BooksLoader - Skipped book: The Maze Runner by James Dashner
2026-02-10 19:56:15 [main] INFO  p.f.adventure.aspects.LoggingAspect - Repo Method Started: existsByTitleIgnoreCaseAndAuthorIgnoreCase
2026-02-10 19:56:15 [main] INFO  p.f.adventure.aspects.LoggingAspect - - Arguments: Deeper Than the Dead
2026-02-10 19:56:15 [main] INFO  p.f.adventure.aspects.LoggingAspect - Repo Method existsByTitleIgnoreCaseAndAuthorIgnoreCase returned true
2026-02-10 19:56:15 [main] INFO  p.f.adventure.loader.BooksLoader - Skipped book: Deeper Than the Dead by Debra Webb
2026-02-10 19:56:15 [main] INFO  p.f.adventure.aspects.LoggingAspect - Repo Method Started: existsByTitleIgnoreCaseAndAuthorIgnoreCase
2026-02-10 19:56:15 [main] INFO  p.f.adventure.aspects.LoggingAspect - - Arguments: Angels & Demons
2026-02-10 19:56:15 [main] INFO  p.f.adventure.aspects.LoggingAspect - Repo Method existsByTitleIgnoreCaseAndAuthorIgnoreCase returned true
2026-02-10 19:56:15 [main] INFO  p.f.adventure.loader.BooksLoader - Skipped book: Angels & Demons by Dan Brown
2026-02-10 19:56:15 [main] INFO  p.f.adventure.aspects.LoggingAspect - Repo Method Started: existsByTitleIgnoreCaseAndAuthorIgnoreCase
2026-02-10 19:56:15 [main] INFO  p.f.adventure.aspects.LoggingAspect - - Arguments: On Her Watch
2026-02-10 19:56:15 [main] INFO  p.f.adventure.aspects.LoggingAspect - Repo Method existsByTitleIgnoreCaseAndAuthorIgnoreCase returned true
2026-02-10 19:56:15 [main] INFO  p.f.adventure.loader.BooksLoader - Skipped book: On Her Watch by Melinda Leigh
2026-02-10 19:56:15 [main] INFO  p.f.adventure.aspects.LoggingAspect - Repo Method Started: existsByTitleIgnoreCaseAndAuthorIgnoreCase
2026-02-10 19:56:15 [main] INFO  p.f.adventure.aspects.LoggingAspect - - Arguments: Harry Potter and the Deathly Hallows
2026-02-10 19:56:15 [main] INFO  p.f.adventure.aspects.LoggingAspect - Repo Method existsByTitleIgnoreCaseAndAuthorIgnoreCase returned true
2026-02-10 19:56:15 [main] INFO  p.f.adventure.loader.BooksLoader - Skipped book: Harry Potter and the Deathly Hallows by J.K. Rowling
2026-02-10 19:56:15 [main] INFO  p.f.adventure.aspects.LoggingAspect - Repo Method Started: existsByTitleIgnoreCaseAndAuthorIgnoreCase
2026-02-10 19:56:15 [main] INFO  p.f.adventure.aspects.LoggingAspect - - Arguments: Red Storm Rising
2026-02-10 19:56:15 [main] INFO  p.f.adventure.aspects.LoggingAspect - Repo Method existsByTitleIgnoreCaseAndAuthorIgnoreCase returned true
2026-02-10 19:56:15 [main] INFO  p.f.adventure.loader.BooksLoader - Skipped book: Red Storm Rising by Tom Clancy
2026-02-10 19:56:15 [main] INFO  p.f.adventure.aspects.LoggingAspect - Repo Method Started: existsByTitleIgnoreCaseAndAuthorIgnoreCase
2026-02-10 19:56:15 [main] INFO  p.f.adventure.aspects.LoggingAspect - - Arguments: Raise the Titanic!
2026-02-10 19:56:15 [main] INFO  p.f.adventure.aspects.LoggingAspect - Repo Method existsByTitleIgnoreCaseAndAuthorIgnoreCase returned true
2026-02-10 19:56:15 [main] INFO  p.f.adventure.loader.BooksLoader - Skipped book: Raise the Titanic! by Clive Cussler
2026-02-10 19:56:15 [main] INFO  p.f.adventure.aspects.LoggingAspect - Repo Method Started: existsByTitleIgnoreCaseAndAuthorIgnoreCase
2026-02-10 19:56:15 [main] INFO  p.f.adventure.aspects.LoggingAspect - - Arguments: Sahara
2026-02-10 19:56:15 [main] INFO  p.f.adventure.aspects.LoggingAspect - Repo Method existsByTitleIgnoreCaseAndAuthorIgnoreCase returned true
2026-02-10 19:56:15 [main] INFO  p.f.adventure.loader.BooksLoader - Skipped book: Sahara by Clive Cussler
2026-02-10 19:56:15 [main] INFO  p.f.adventure.aspects.LoggingAspect - Repo Method Started: existsByTitleIgnoreCaseAndAuthorIgnoreCase
2026-02-10 19:56:15 [main] INFO  p.f.adventure.aspects.LoggingAspect - - Arguments: Passions in Death
2026-02-10 19:56:15 [main] INFO  p.f.adventure.aspects.LoggingAspect - Repo Method existsByTitleIgnoreCaseAndAuthorIgnoreCase returned true
2026-02-10 19:56:15 [main] INFO  p.f.adventure.loader.BooksLoader - Skipped book: Passions in Death by J.D. Robb
2026-02-10 19:56:15 [main] INFO  p.f.adventure.aspects.LoggingAspect - Repo Method Started: existsByTitleIgnoreCaseAndAuthorIgnoreCase
2026-02-10 19:56:15 [main] INFO  p.f.adventure.aspects.LoggingAspect - - Arguments: Jaws
2026-02-10 19:56:15 [main] INFO  p.f.adventure.aspects.LoggingAspect - Repo Method existsByTitleIgnoreCaseAndAuthorIgnoreCase returned true
2026-02-10 19:56:15 [main] INFO  p.f.adventure.loader.BooksLoader - Skipped book: Jaws by Peter Benchley
2026-02-10 19:56:15 [main] INFO  p.f.adventure.aspects.LoggingAspect - Repo Method Started: existsByTitleIgnoreCaseAndAuthorIgnoreCase
2026-02-10 19:56:15 [main] INFO  p.f.adventure.aspects.LoggingAspect - - Arguments: Journey's Paradox
2026-02-10 19:56:15 [main] INFO  p.f.adventure.aspects.LoggingAspect - Repo Method existsByTitleIgnoreCaseAndAuthorIgnoreCase returned true
2026-02-10 19:56:15 [main] INFO  p.f.adventure.loader.BooksLoader - Skipped book: Journey's Paradox by Mary Stone
2026-02-10 19:56:15 [main] INFO  p.f.adventure.aspects.LoggingAspect - Repo Method Started: existsByTitleIgnoreCaseAndAuthorIgnoreCase
2026-02-10 19:56:15 [main] INFO  p.f.adventure.aspects.LoggingAspect - - Arguments: The Reaping
2026-02-10 19:56:15 [main] INFO  p.f.adventure.aspects.LoggingAspect - Repo Method existsByTitleIgnoreCaseAndAuthorIgnoreCase returned true
2026-02-10 19:56:15 [main] INFO  p.f.adventure.loader.BooksLoader - Skipped book: The Reaping by Jess Lourey
2026-02-10 19:56:15 [main] INFO  p.f.adventure.aspects.LoggingAspect - Repo Method Started: existsByTitleIgnoreCaseAndAuthorIgnoreCase
2026-02-10 19:56:15 [main] INFO  p.f.adventure.aspects.LoggingAspect - - Arguments: Executive Orders
2026-02-10 19:56:15 [main] INFO  p.f.adventure.aspects.LoggingAspect - Repo Method existsByTitleIgnoreCaseAndAuthorIgnoreCase returned true
2026-02-10 19:56:15 [main] INFO  p.f.adventure.loader.BooksLoader - Skipped book: Executive Orders by Tom Clancy
2026-02-10 19:56:15 [main] INFO  p.f.adventure.aspects.LoggingAspect - Repo Method Started: existsByTitleIgnoreCaseAndAuthorIgnoreCase
2026-02-10 19:56:15 [main] INFO  p.f.adventure.aspects.LoggingAspect - - Arguments: Echo Road
2026-02-10 19:56:15 [main] INFO  p.f.adventure.aspects.LoggingAspect - Repo Method existsByTitleIgnoreCaseAndAuthorIgnoreCase returned true
2026-02-10 19:56:15 [main] INFO  p.f.adventure.loader.BooksLoader - Skipped book: Echo Road by Kendra Elliot
2026-02-10 19:56:15 [main] INFO  p.f.adventure.aspects.LoggingAspect - Repo Method Started: existsByTitleIgnoreCaseAndAuthorIgnoreCase
2026-02-10 19:56:15 [main] INFO  p.f.adventure.aspects.LoggingAspect - - Arguments: Dangerous Play
2026-02-10 19:56:15 [main] INFO  p.f.adventure.aspects.LoggingAspect - Repo Method existsByTitleIgnoreCaseAndAuthorIgnoreCase returned true
2026-02-10 19:56:15 [main] INFO  p.f.adventure.loader.BooksLoader - Skipped book: Dangerous Play by Elise Hart Kipness
2026-02-10 19:56:15 [main] INFO  p.f.adventure.aspects.LoggingAspect - Repo Method Started: existsByTitleIgnoreCaseAndAuthorIgnoreCase
2026-02-10 19:56:15 [main] INFO  p.f.adventure.aspects.LoggingAspect - - Arguments: Listen for the Lie
2026-02-10 19:56:15 [main] INFO  p.f.adventure.aspects.LoggingAspect - Repo Method existsByTitleIgnoreCaseAndAuthorIgnoreCase returned true
2026-02-10 19:56:15 [main] INFO  p.f.adventure.loader.BooksLoader - Skipped book: Listen for the Lie by Amy Tintera
2026-02-10 19:56:15 [main] INFO  p.f.adventure.aspects.LoggingAspect - Repo Method Started: existsByTitleIgnoreCaseAndAuthorIgnoreCase
2026-02-10 19:56:15 [main] INFO  p.f.adventure.aspects.LoggingAspect - - Arguments: Odd Thomas
2026-02-10 19:56:15 [main] INFO  p.f.adventure.aspects.LoggingAspect - Repo Method existsByTitleIgnoreCaseAndAuthorIgnoreCase returned true
2026-02-10 19:56:15 [main] INFO  p.f.adventure.loader.BooksLoader - Skipped book: Odd Thomas by Dean Koontz
2026-02-10 19:56:15 [main] INFO  p.f.adventure.aspects.LoggingAspect - Repo Method Started: existsByTitleIgnoreCaseAndAuthorIgnoreCase
2026-02-10 19:56:15 [main] INFO  p.f.adventure.aspects.LoggingAspect - - Arguments: The Swimmer
2026-02-10 19:56:15 [main] INFO  p.f.adventure.aspects.LoggingAspect - Repo Method existsByTitleIgnoreCaseAndAuthorIgnoreCase returned true
2026-02-10 19:56:15 [main] INFO  p.f.adventure.loader.BooksLoader - Skipped book: The Swimmer by Loreth Anne White
2026-02-10 19:56:15 [main] INFO  p.f.adventure.aspects.LoggingAspect - Repo Method Started: existsByTitleIgnoreCaseAndAuthorIgnoreCase
2026-02-10 19:56:15 [main] INFO  p.f.adventure.aspects.LoggingAspect - - Arguments: The Last Thing She Ever Did
2026-02-10 19:56:15 [main] INFO  p.f.adventure.aspects.LoggingAspect - Repo Method existsByTitleIgnoreCaseAndAuthorIgnoreCase returned true
2026-02-10 19:56:15 [main] INFO  p.f.adventure.loader.BooksLoader - Skipped book: The Last Thing She Ever Did by Gregg Olsen
2026-02-10 19:56:15 [main] INFO  p.f.adventure.aspects.LoggingAspect - Repo Method Started: existsByTitleIgnoreCaseAndAuthorIgnoreCase
2026-02-10 19:56:15 [main] INFO  p.f.adventure.aspects.LoggingAspect - - Arguments: The Somerset Slayings
2026-02-10 19:56:15 [main] INFO  p.f.adventure.aspects.LoggingAspect - Repo Method existsByTitleIgnoreCaseAndAuthorIgnoreCase returned true
2026-02-10 19:56:15 [main] INFO  p.f.adventure.loader.BooksLoader - Skipped book: The Somerset Slayings by David J. Gatward
2026-02-10 19:56:15 [main] INFO  p.f.adventure.aspects.LoggingAspect - Repo Method Started: existsByTitleIgnoreCaseAndAuthorIgnoreCase
2026-02-10 19:56:15 [main] INFO  p.f.adventure.aspects.LoggingAspect - - Arguments: Amazonia
2026-02-10 19:56:15 [main] INFO  p.f.adventure.aspects.LoggingAspect - Repo Method existsByTitleIgnoreCaseAndAuthorIgnoreCase returned true
2026-02-10 19:56:15 [main] INFO  p.f.adventure.loader.BooksLoader - Skipped book: Amazonia by James Rollins
2026-02-10 19:56:15 [main] INFO  p.f.adventure.aspects.LoggingAspect - Repo Method Started: existsByTitleIgnoreCaseAndAuthorIgnoreCase
2026-02-10 19:56:15 [main] INFO  p.f.adventure.aspects.LoggingAspect - - Arguments: White Eagle: Awakening
2026-02-10 19:56:15 [main] INFO  p.f.adventure.aspects.LoggingAspect - Repo Method existsByTitleIgnoreCaseAndAuthorIgnoreCase returned true
2026-02-10 19:56:15 [main] INFO  p.f.adventure.loader.BooksLoader - Skipped book: White Eagle: Awakening by Ellwood Cooper
2026-02-10 19:56:15 [main] INFO  p.f.adventure.aspects.LoggingAspect - Repo Method Started: existsByTitleIgnoreCaseAndAuthorIgnoreCase
2026-02-10 19:56:15 [main] INFO  p.f.adventure.aspects.LoggingAspect - - Arguments: Relic
2026-02-10 19:56:15 [main] INFO  p.f.adventure.aspects.LoggingAspect - Repo Method existsByTitleIgnoreCaseAndAuthorIgnoreCase returned true
2026-02-10 19:56:15 [main] INFO  p.f.adventure.loader.BooksLoader - Skipped book: Relic by Douglas Preston
2026-02-10 19:56:15 [main] INFO  p.f.adventure.aspects.LoggingAspect - Repo Method Started: existsByTitleIgnoreCaseAndAuthorIgnoreCase
2026-02-10 19:56:15 [main] INFO  p.f.adventure.aspects.LoggingAspect - - Arguments: Harry Potter and the Prisoner of Azkaban
2026-02-10 19:56:15 [main] INFO  p.f.adventure.aspects.LoggingAspect - Repo Method existsByTitleIgnoreCaseAndAuthorIgnoreCase returned true
2026-02-10 19:56:15 [main] INFO  p.f.adventure.loader.BooksLoader - Skipped book: Harry Potter and the Prisoner of Azkaban by J.K. Rowling
2026-02-10 19:56:15 [main] INFO  p.f.adventure.aspects.LoggingAspect - Repo Method Started: existsByTitleIgnoreCaseAndAuthorIgnoreCase
2026-02-10 19:56:15 [main] INFO  p.f.adventure.aspects.LoggingAspect - - Arguments: Harry Potter and the Chamber of Secrets
2026-02-10 19:56:15 [main] INFO  p.f.adventure.aspects.LoggingAspect - Repo Method existsByTitleIgnoreCaseAndAuthorIgnoreCase returned true
2026-02-10 19:56:15 [main] INFO  p.f.adventure.loader.BooksLoader - Skipped book: Harry Potter and the Chamber of Secrets by J.K. Rowling
2026-02-10 19:56:15 [main] INFO  p.f.adventure.aspects.LoggingAspect - Repo Method Started: existsByTitleIgnoreCaseAndAuthorIgnoreCase
2026-02-10 19:56:15 [main] INFO  p.f.adventure.aspects.LoggingAspect - - Arguments: Shutter Island
2026-02-10 19:56:15 [main] INFO  p.f.adventure.aspects.LoggingAspect - Repo Method existsByTitleIgnoreCaseAndAuthorIgnoreCase returned true
2026-02-10 19:56:15 [main] INFO  p.f.adventure.loader.BooksLoader - Skipped book: Shutter Island by Dennis Lehane
2026-02-10 19:56:15 [main] INFO  p.f.adventure.aspects.LoggingAspect - Repo Method Started: existsByTitleIgnoreCaseAndAuthorIgnoreCase
2026-02-10 19:56:15 [main] INFO  p.f.adventure.aspects.LoggingAspect - - Arguments: Clear and Present Danger
2026-02-10 19:56:15 [main] INFO  p.f.adventure.aspects.LoggingAspect - Repo Method existsByTitleIgnoreCaseAndAuthorIgnoreCase returned true
2026-02-10 19:56:15 [main] INFO  p.f.adventure.loader.BooksLoader - Skipped book: Clear and Present Danger by Tom Clancy
2026-02-10 19:56:15 [main] INFO  p.f.adventure.aspects.LoggingAspect - Repo Method Started: existsByTitleIgnoreCaseAndAuthorIgnoreCase
2026-02-10 19:56:15 [main] INFO  p.f.adventure.aspects.LoggingAspect - - Arguments: Harry Potter and the Goblet of Fire
2026-02-10 19:56:15 [main] INFO  p.f.adventure.aspects.LoggingAspect - Repo Method existsByTitleIgnoreCaseAndAuthorIgnoreCase returned true
2026-02-10 19:56:15 [main] INFO  p.f.adventure.loader.BooksLoader - Skipped book: Harry Potter and the Goblet of Fire by J.K. Rowling
2026-02-10 19:56:15 [main] INFO  p.f.adventure.aspects.LoggingAspect - Repo Method Started: existsByTitleIgnoreCaseAndAuthorIgnoreCase
2026-02-10 19:56:15 [main] INFO  p.f.adventure.aspects.LoggingAspect - - Arguments: The Wrong Daughter
2026-02-10 19:56:15 [main] INFO  p.f.adventure.aspects.LoggingAspect - Repo Method existsByTitleIgnoreCaseAndAuthorIgnoreCase returned true
2026-02-10 19:56:15 [main] INFO  p.f.adventure.loader.BooksLoader - Skipped book: The Wrong Daughter by Dandy Smith
2026-02-10 19:56:15 [main] INFO  p.f.adventure.aspects.LoggingAspect - Repo Method Started: existsByTitleIgnoreCaseAndAuthorIgnoreCase
2026-02-10 19:56:15 [main] INFO  p.f.adventure.aspects.LoggingAspect - - Arguments: Those Empty Eyes
2026-02-10 19:56:15 [main] INFO  p.f.adventure.aspects.LoggingAspect - Repo Method existsByTitleIgnoreCaseAndAuthorIgnoreCase returned true
2026-02-10 19:56:15 [main] INFO  p.f.adventure.loader.BooksLoader - Skipped book: Those Empty Eyes by Charlie Donlea
2026-02-10 19:56:15 [main] INFO  p.f.adventure.aspects.LoggingAspect - Repo Method Started: existsByTitleIgnoreCaseAndAuthorIgnoreCase
2026-02-10 19:56:15 [main] INFO  p.f.adventure.aspects.LoggingAspect - - Arguments: The Maid's Diary
2026-02-10 19:56:15 [main] INFO  p.f.adventure.aspects.LoggingAspect - Repo Method existsByTitleIgnoreCaseAndAuthorIgnoreCase returned true
2026-02-10 19:56:15 [main] INFO  p.f.adventure.loader.BooksLoader - Skipped book: The Maid's Diary by Loreth Anne White
2026-02-10 19:56:15 [main] INFO  p.f.adventure.aspects.LoggingAspect - Repo Method Started: existsByTitleIgnoreCaseAndAuthorIgnoreCase
2026-02-10 19:56:15 [main] INFO  p.f.adventure.aspects.LoggingAspect - - Arguments: Sandstorm
2026-02-10 19:56:15 [main] INFO  p.f.adventure.aspects.LoggingAspect - Repo Method existsByTitleIgnoreCaseAndAuthorIgnoreCase returned true
2026-02-10 19:56:15 [main] INFO  p.f.adventure.loader.BooksLoader - Skipped book: Sandstorm by James Rollins
2026-02-10 19:56:15 [main] INFO  p.f.adventure.aspects.LoggingAspect - Repo Method Started: existsByTitleIgnoreCaseAndAuthorIgnoreCase
2026-02-10 19:56:15 [main] INFO  p.f.adventure.aspects.LoggingAspect - - Arguments: What Lies in the Woods
2026-02-10 19:56:15 [main] INFO  p.f.adventure.aspects.LoggingAspect - Repo Method existsByTitleIgnoreCaseAndAuthorIgnoreCase returned true
2026-02-10 19:56:15 [main] INFO  p.f.adventure.loader.BooksLoader - Skipped book: What Lies in the Woods by Kate Alice Marshall
2026-02-10 19:56:15 [main] INFO  p.f.adventure.aspects.LoggingAspect - Repo Method Started: existsByTitleIgnoreCaseAndAuthorIgnoreCase
2026-02-10 19:56:15 [main] INFO  p.f.adventure.aspects.LoggingAspect - - Arguments: Harry Potter and the Half-Blood Prince
2026-02-10 19:56:15 [main] INFO  p.f.adventure.aspects.LoggingAspect - Repo Method existsByTitleIgnoreCaseAndAuthorIgnoreCase returned true
2026-02-10 19:56:15 [main] INFO  p.f.adventure.loader.BooksLoader - Skipped book: Harry Potter and the Half-Blood Prince by J.K. Rowling
2026-02-10 19:56:15 [main] INFO  p.f.adventure.aspects.LoggingAspect - Repo Method Started: existsByTitleIgnoreCaseAndAuthorIgnoreCase
2026-02-10 19:56:15 [main] INFO  p.f.adventure.aspects.LoggingAspect - - Arguments: Stripped Bare
2026-02-10 19:56:15 [main] INFO  p.f.adventure.aspects.LoggingAspect - Repo Method existsByTitleIgnoreCaseAndAuthorIgnoreCase returned true
2026-02-10 19:56:15 [main] INFO  p.f.adventure.loader.BooksLoader - Skipped book: Stripped Bare by Shannon Baker
2026-02-10 19:56:15 [main] INFO  p.f.adventure.aspects.LoggingAspect - Repo Method Started: existsByTitleIgnoreCaseAndAuthorIgnoreCase
2026-02-10 19:56:15 [main] INFO  p.f.adventure.aspects.LoggingAspect - - Arguments: Hart's Ridge
2026-02-10 19:56:15 [main] INFO  p.f.adventure.aspects.LoggingAspect - Repo Method existsByTitleIgnoreCaseAndAuthorIgnoreCase returned true
2026-02-10 19:56:15 [main] INFO  p.f.adventure.loader.BooksLoader - Skipped book: Hart's Ridge by Kay Bratt
2026-02-10 19:56:15 [main] INFO  p.f.adventure.aspects.LoggingAspect - Repo Method Started: existsByTitleIgnoreCaseAndAuthorIgnoreCase
2026-02-10 19:56:15 [main] INFO  p.f.adventure.aspects.LoggingAspect - - Arguments: Map of Bones
2026-02-10 19:56:15 [main] INFO  p.f.adventure.aspects.LoggingAspect - Repo Method existsByTitleIgnoreCaseAndAuthorIgnoreCase returned true
2026-02-10 19:56:15 [main] INFO  p.f.adventure.loader.BooksLoader - Skipped book: Map of Bones by James Rollins
2026-02-10 19:56:15 [main] INFO  p.f.adventure.aspects.LoggingAspect - Repo Method Started: existsByTitleIgnoreCaseAndAuthorIgnoreCase
2026-02-10 19:56:15 [main] INFO  p.f.adventure.aspects.LoggingAspect - - Arguments: Harry Potter and the Order of the Phoenix
2026-02-10 19:56:15 [main] INFO  p.f.adventure.aspects.LoggingAspect - Repo Method existsByTitleIgnoreCaseAndAuthorIgnoreCase returned true
2026-02-10 19:56:15 [main] INFO  p.f.adventure.loader.BooksLoader - Skipped book: Harry Potter and the Order of the Phoenix by J.K. Rowling
2026-02-10 19:56:15 [main] INFO  p.f.adventure.aspects.LoggingAspect - Repo Method Started: existsByTitleIgnoreCaseAndAuthorIgnoreCase
2026-02-10 19:56:15 [main] INFO  p.f.adventure.aspects.LoggingAspect - - Arguments: The Day of the Jackal
2026-02-10 19:56:15 [main] INFO  p.f.adventure.aspects.LoggingAspect - Repo Method existsByTitleIgnoreCaseAndAuthorIgnoreCase returned true
2026-02-10 19:56:15 [main] INFO  p.f.adventure.loader.BooksLoader - Skipped book: The Day of the Jackal by Frederick Forsyth
2026-02-10 19:56:15 [main] INFO  p.f.adventure.aspects.LoggingAspect - Repo Method Started: existsByTitleIgnoreCaseAndAuthorIgnoreCase
2026-02-10 19:56:15 [main] INFO  p.f.adventure.aspects.LoggingAspect - - Arguments: Winter's Mourn
2026-02-10 19:56:15 [main] INFO  p.f.adventure.aspects.LoggingAspect - Repo Method existsByTitleIgnoreCaseAndAuthorIgnoreCase returned true
2026-02-10 19:56:15 [main] INFO  p.f.adventure.loader.BooksLoader - Skipped book: Winter's Mourn by Mary Stone
2026-02-10 19:56:15 [main] INFO  p.f.adventure.aspects.LoggingAspect - Repo Method Started: existsByTitleIgnoreCaseAndAuthorIgnoreCase
2026-02-10 19:56:15 [main] INFO  p.f.adventure.aspects.LoggingAspect - - Arguments: Pretty Girls
2026-02-10 19:56:15 [main] INFO  p.f.adventure.aspects.LoggingAspect - Repo Method existsByTitleIgnoreCaseAndAuthorIgnoreCase returned true
2026-02-10 19:56:15 [main] INFO  p.f.adventure.loader.BooksLoader - Skipped book: Pretty Girls by Karin Slaughter
2026-02-10 19:56:15 [main] INFO  p.f.adventure.aspects.LoggingAspect - Repo Method Started: existsByTitleIgnoreCaseAndAuthorIgnoreCase
2026-02-10 19:56:15 [main] INFO  p.f.adventure.aspects.LoggingAspect - - Arguments: Never
2026-02-10 19:56:15 [main] INFO  p.f.adventure.aspects.LoggingAspect - Repo Method existsByTitleIgnoreCaseAndAuthorIgnoreCase returned true
2026-02-10 19:56:15 [main] INFO  p.f.adventure.loader.BooksLoader - Skipped book: Never by Ken Follett
2026-02-10 19:56:15 [main] INFO  p.f.adventure.aspects.LoggingAspect - Repo Method Started: existsByTitleIgnoreCaseAndAuthorIgnoreCase
2026-02-10 19:56:15 [main] INFO  p.f.adventure.aspects.LoggingAspect - - Arguments: Shadow's Siege
2026-02-10 19:56:15 [main] INFO  p.f.adventure.aspects.LoggingAspect - Repo Method existsByTitleIgnoreCaseAndAuthorIgnoreCase returned true
2026-02-10 19:56:15 [main] INFO  p.f.adventure.loader.BooksLoader - Skipped book: Shadow's Siege by Mary Stone
2026-02-10 19:56:15 [main] INFO  p.f.adventure.aspects.LoggingAspect - Repo Method Started: existsByTitleIgnoreCaseAndAuthorIgnoreCase
2026-02-10 19:56:15 [main] INFO  p.f.adventure.aspects.LoggingAspect - - Arguments: Iceberg
2026-02-10 19:56:15 [main] INFO  p.f.adventure.aspects.LoggingAspect - Repo Method existsByTitleIgnoreCaseAndAuthorIgnoreCase returned true
2026-02-10 19:56:15 [main] INFO  p.f.adventure.loader.BooksLoader - Skipped book: Iceberg by Clive Cussler
2026-02-10 19:56:15 [main] INFO  p.f.adventure.aspects.LoggingAspect - Repo Method Started: existsByTitleIgnoreCaseAndAuthorIgnoreCase
2026-02-10 19:56:15 [main] INFO  p.f.adventure.aspects.LoggingAspect - - Arguments: Black Order
2026-02-10 19:56:15 [main] INFO  p.f.adventure.aspects.LoggingAspect - Repo Method existsByTitleIgnoreCaseAndAuthorIgnoreCase returned true
2026-02-10 19:56:15 [main] INFO  p.f.adventure.loader.BooksLoader - Skipped book: Black Order by James Rollins
2026-02-10 19:56:15 [main] INFO  p.f.adventure.aspects.LoggingAspect - Repo Method Started: existsByTitleIgnoreCaseAndAuthorIgnoreCase
2026-02-10 19:56:15 [main] INFO  p.f.adventure.aspects.LoggingAspect - - Arguments: Sidewinder
2026-02-10 19:56:15 [main] INFO  p.f.adventure.aspects.LoggingAspect - Repo Method existsByTitleIgnoreCaseAndAuthorIgnoreCase returned true
2026-02-10 19:56:15 [main] INFO  p.f.adventure.loader.BooksLoader - Skipped book: Sidewinder by L.T. Ryan
2026-02-10 19:56:15 [main] INFO  p.f.adventure.aspects.LoggingAspect - Repo Method Started: existsByTitleIgnoreCaseAndAuthorIgnoreCase
2026-02-10 19:56:15 [main] INFO  p.f.adventure.aspects.LoggingAspect - - Arguments: Lonesome Dove
2026-02-10 19:56:15 [main] INFO  p.f.adventure.aspects.LoggingAspect - Repo Method existsByTitleIgnoreCaseAndAuthorIgnoreCase returned true
2026-02-10 19:56:15 [main] INFO  p.f.adventure.loader.BooksLoader - Skipped book: Lonesome Dove by Larry McMurtry
2026-02-10 19:56:15 [main] INFO  p.f.adventure.aspects.LoggingAspect - Repo Method Started: existsByTitleIgnoreCaseAndAuthorIgnoreCase
2026-02-10 19:56:15 [main] INFO  p.f.adventure.aspects.LoggingAspect - - Arguments: The Patient's Secret
2026-02-10 19:56:15 [main] INFO  p.f.adventure.aspects.LoggingAspect - Repo Method existsByTitleIgnoreCaseAndAuthorIgnoreCase returned true
2026-02-10 19:56:15 [main] INFO  p.f.adventure.loader.BooksLoader - Skipped book: The Patient's Secret by Loreth Anne White
2026-02-10 19:56:15 [main] INFO  p.f.adventure.aspects.LoggingAspect - Repo Method Started: existsByTitleIgnoreCaseAndAuthorIgnoreCase
2026-02-10 19:56:15 [main] INFO  p.f.adventure.aspects.LoggingAspect - - Arguments: Inca Gold
2026-02-10 19:56:15 [main] INFO  p.f.adventure.aspects.LoggingAspect - Repo Method existsByTitleIgnoreCaseAndAuthorIgnoreCase returned true
2026-02-10 19:56:15 [main] INFO  p.f.adventure.loader.BooksLoader - Skipped book: Inca Gold by Clive Cussler
2026-02-10 19:56:15 [main] INFO  p.f.adventure.aspects.LoggingAspect - Repo Method Started: existsByTitleIgnoreCaseAndAuthorIgnoreCase
2026-02-10 19:56:15 [main] INFO  p.f.adventure.aspects.LoggingAspect - - Arguments: Seven Deadly Wonders
2026-02-10 19:56:15 [main] INFO  p.f.adventure.aspects.LoggingAspect - Repo Method existsByTitleIgnoreCaseAndAuthorIgnoreCase returned true
2026-02-10 19:56:15 [main] INFO  p.f.adventure.loader.BooksLoader - Skipped book: Seven Deadly Wonders by Matthew Reilly
2026-02-10 19:56:15 [main] INFO  p.f.adventure.aspects.LoggingAspect - Repo Method Started: existsByTitleIgnoreCaseAndAuthorIgnoreCase
2026-02-10 19:56:15 [main] INFO  p.f.adventure.aspects.LoggingAspect - - Arguments: Her Name Is Knight
2026-02-10 19:56:15 [main] INFO  p.f.adventure.aspects.LoggingAspect - Repo Method existsByTitleIgnoreCaseAndAuthorIgnoreCase returned true
2026-02-10 19:56:15 [main] INFO  p.f.adventure.loader.BooksLoader - Skipped book: Her Name Is Knight by Yasmin Angoe
2026-02-10 19:56:15 [main] INFO  p.f.adventure.aspects.LoggingAspect - Repo Method Started: existsByTitleIgnoreCaseAndAuthorIgnoreCase
2026-02-10 19:56:15 [main] INFO  p.f.adventure.aspects.LoggingAspect - - Arguments: The Doomsday Key
2026-02-10 19:56:15 [main] INFO  p.f.adventure.aspects.LoggingAspect - Repo Method existsByTitleIgnoreCaseAndAuthorIgnoreCase returned true
2026-02-10 19:56:15 [main] INFO  p.f.adventure.loader.BooksLoader - Skipped book: The Doomsday Key by James Rollins
2026-02-10 19:56:15 [main] INFO  p.f.adventure.aspects.LoggingAspect - Repo Method Started: existsByTitleIgnoreCaseAndAuthorIgnoreCase
2026-02-10 19:56:15 [main] INFO  p.f.adventure.aspects.LoggingAspect - - Arguments: Inferno
2026-02-10 19:56:15 [main] INFO  p.f.adventure.aspects.LoggingAspect - Repo Method existsByTitleIgnoreCaseAndAuthorIgnoreCase returned true
2026-02-10 19:56:15 [main] INFO  p.f.adventure.loader.BooksLoader - Skipped book: Inferno by Dan Brown
2026-02-10 19:56:15 [main] INFO  p.f.adventure.aspects.LoggingAspect - Repo Method Started: existsByTitleIgnoreCaseAndAuthorIgnoreCase
2026-02-10 19:56:15 [main] INFO  p.f.adventure.aspects.LoggingAspect - - Arguments: Blackbird
2026-02-10 19:56:15 [main] INFO  p.f.adventure.aspects.LoggingAspect - Repo Method existsByTitleIgnoreCaseAndAuthorIgnoreCase returned true
2026-02-10 19:56:15 [main] INFO  p.f.adventure.loader.BooksLoader - Skipped book: Blackbird by Kay Bratt
2026-02-10 19:56:15 [main] INFO  p.f.adventure.aspects.LoggingAspect - Repo Method Started: existsByTitleIgnoreCaseAndAuthorIgnoreCase
2026-02-10 19:56:15 [main] INFO  p.f.adventure.aspects.LoggingAspect - - Arguments: The Last of the Mohicans
2026-02-10 19:56:15 [main] INFO  p.f.adventure.aspects.LoggingAspect - Repo Method existsByTitleIgnoreCaseAndAuthorIgnoreCase returned true
2026-02-10 19:56:15 [main] INFO  p.f.adventure.loader.BooksLoader - Skipped book: The Last of the Mohicans by James Fenimore Cooper
2026-02-10 19:56:15 [main] INFO  p.f.adventure.aspects.LoggingAspect - Repo Method Started: existsByTitleIgnoreCaseAndAuthorIgnoreCase
2026-02-10 19:56:15 [main] INFO  p.f.adventure.aspects.LoggingAspect - - Arguments: The Princess Bride
2026-02-10 19:56:15 [main] INFO  p.f.adventure.aspects.LoggingAspect - Repo Method existsByTitleIgnoreCaseAndAuthorIgnoreCase returned true
2026-02-10 19:56:15 [main] INFO  p.f.adventure.loader.BooksLoader - Skipped book: The Princess Bride by William Goldman
2026-02-10 19:56:15 [main] INFO  p.f.adventure.aspects.LoggingAspect - Repo Method Started: existsByTitleIgnoreCaseAndAuthorIgnoreCase
2026-02-10 19:56:15 [main] INFO  p.f.adventure.aspects.LoggingAspect - - Arguments: Shōgun
2026-02-10 19:56:15 [main] INFO  p.f.adventure.aspects.LoggingAspect - Repo Method existsByTitleIgnoreCaseAndAuthorIgnoreCase returned true
2026-02-10 19:56:15 [main] INFO  p.f.adventure.loader.BooksLoader - Skipped book: Shōgun by James Clavell
2026-02-10 19:56:15 [main] INFO  p.f.adventure.aspects.LoggingAspect - Repo Method Started: existsByTitleIgnoreCaseAndAuthorIgnoreCase
2026-02-10 19:56:15 [main] INFO  p.f.adventure.aspects.LoggingAspect - - Arguments: Riptide - Mörderische Flut
2026-02-10 19:56:15 [main] INFO  p.f.adventure.aspects.LoggingAspect - Repo Method existsByTitleIgnoreCaseAndAuthorIgnoreCase returned true
2026-02-10 19:56:15 [main] INFO  p.f.adventure.loader.BooksLoader - Skipped book: Riptide - Mörderische Flut by Douglas Preston
2026-02-10 19:56:15 [main] INFO  p.f.adventure.aspects.LoggingAspect - Repo Method Started: existsByTitleIgnoreCaseAndAuthorIgnoreCase
2026-02-10 19:56:15 [main] INFO  p.f.adventure.aspects.LoggingAspect - - Arguments: World Without End
2026-02-10 19:56:15 [main] INFO  p.f.adventure.aspects.LoggingAspect - Repo Method existsByTitleIgnoreCaseAndAuthorIgnoreCase returned true
2026-02-10 19:56:15 [main] INFO  p.f.adventure.loader.BooksLoader - Skipped book: World Without End by Ken Follett
2026-02-10 19:56:15 [main] INFO  p.f.adventure.aspects.LoggingAspect - Repo Method Started: existsByTitleIgnoreCaseAndAuthorIgnoreCase
2026-02-10 19:56:15 [main] INFO  p.f.adventure.aspects.LoggingAspect - - Arguments: The Frozen River
2026-02-10 19:56:15 [main] INFO  p.f.adventure.aspects.LoggingAspect - Repo Method existsByTitleIgnoreCaseAndAuthorIgnoreCase returned true
2026-02-10 19:56:15 [main] INFO  p.f.adventure.loader.BooksLoader - Skipped book: The Frozen River by Ariel Lawhon
2026-02-10 19:56:15 [main] INFO  p.f.adventure.aspects.LoggingAspect - Repo Method Started: existsByTitleIgnoreCaseAndAuthorIgnoreCase
2026-02-10 19:56:15 [main] INFO  p.f.adventure.aspects.LoggingAspect - - Arguments: The Judas Strain
2026-02-10 19:56:15 [main] INFO  p.f.adventure.aspects.LoggingAspect - Repo Method existsByTitleIgnoreCaseAndAuthorIgnoreCase returned true
2026-02-10 19:56:15 [main] INFO  p.f.adventure.loader.BooksLoader - Skipped book: The Judas Strain by James Rollins
2026-02-10 19:56:15 [main] INFO  p.f.adventure.aspects.LoggingAspect - Repo Method Started: existsByTitleIgnoreCaseAndAuthorIgnoreCase
2026-02-10 19:56:15 [main] INFO  p.f.adventure.aspects.LoggingAspect - - Arguments: The Alchemy Fire Murder
2026-02-10 19:56:15 [main] INFO  p.f.adventure.aspects.LoggingAspect - Repo Method existsByTitleIgnoreCaseAndAuthorIgnoreCase returned true
2026-02-10 19:56:15 [main] INFO  p.f.adventure.loader.BooksLoader - Skipped book: The Alchemy Fire Murder by Susan Rowland
2026-02-10 19:56:15 [main] INFO  p.f.adventure.aspects.LoggingAspect - Repo Method Started: existsByTitleIgnoreCaseAndAuthorIgnoreCase
2026-02-10 19:56:15 [main] INFO  p.f.adventure.aspects.LoggingAspect - - Arguments: Code Red
2026-02-10 19:56:15 [main] INFO  p.f.adventure.aspects.LoggingAspect - Repo Method existsByTitleIgnoreCaseAndAuthorIgnoreCase returned true
2026-02-10 19:56:15 [main] INFO  p.f.adventure.loader.BooksLoader - Skipped book: Code Red by Kyle Mills
2026-02-10 19:56:15 [main] INFO  p.f.adventure.aspects.LoggingAspect - Repo Method Started: existsByTitleIgnoreCaseAndAuthorIgnoreCase
2026-02-10 19:56:15 [main] INFO  p.f.adventure.aspects.LoggingAspect - - Arguments: Off the Grid
2026-02-10 19:56:15 [main] INFO  p.f.adventure.aspects.LoggingAspect - Repo Method existsByTitleIgnoreCaseAndAuthorIgnoreCase returned true
2026-02-10 19:56:15 [main] INFO  p.f.adventure.loader.BooksLoader - Skipped book: Off the Grid by C.J. Box
2026-02-10 19:56:15 [main] INFO  p.f.adventure.aspects.LoggingAspect - Repo Method Started: existsByTitleIgnoreCaseAndAuthorIgnoreCase
2026-02-10 19:56:15 [main] INFO  p.f.adventure.aspects.LoggingAspect - - Arguments: The Cardinal of the Kremlin
2026-02-10 19:56:15 [main] INFO  p.f.adventure.aspects.LoggingAspect - Repo Method existsByTitleIgnoreCaseAndAuthorIgnoreCase returned true
2026-02-10 19:56:15 [main] INFO  p.f.adventure.loader.BooksLoader - Skipped book: The Cardinal of the Kremlin by Tom Clancy
2026-02-10 19:56:15 [main] INFO  p.f.adventure.loader.BooksLoader - loaded : file [C:\work\jobs\40 - Pictet\adventure-books\target\classes\books\lists\books.json]
2026-02-10 19:56:15 [main] INFO  p.f.adventure.aspects.LoggingAspect - Repo Method Started: existsByTitleIgnoreCaseAndAuthorIgnoreCase
2026-02-10 19:56:15 [main] INFO  p.f.adventure.aspects.LoggingAspect - - Arguments: The Crystal Caverns II - the Sequel
2026-02-10 19:56:15 [main] INFO  p.f.adventure.aspects.LoggingAspect - Repo Method existsByTitleIgnoreCaseAndAuthorIgnoreCase returned true
2026-02-10 19:56:15 [main] INFO  p.f.adventure.loader.BooksLoader - Skipped book: The Crystal Caverns II - the Sequel by Evelyn Stormrider
2026-02-10 19:56:15 [main] INFO  p.f.adventure.loader.BooksLoader - loaded : file [C:\work\jobs\40 - Pictet\adventure-books\target\classes\books\crystal-caverns-good.json]
2026-02-10 19:56:15 [main] INFO  p.f.adventure.aspects.LoggingAspect - Repo Method Started: existsByTitleIgnoreCaseAndAuthorIgnoreCase
2026-02-10 19:56:15 [main] INFO  p.f.adventure.aspects.LoggingAspect - - Arguments: The Crystal Caverns
2026-02-10 19:56:15 [main] INFO  p.f.adventure.aspects.LoggingAspect - Repo Method existsByTitleIgnoreCaseAndAuthorIgnoreCase returned true
2026-02-10 19:56:15 [main] INFO  p.f.adventure.loader.BooksLoader - Skipped book: The Crystal Caverns by Evelyn Stormrider
2026-02-10 19:56:15 [main] INFO  p.f.adventure.loader.BooksLoader - loaded : file [C:\work\jobs\40 - Pictet\adventure-books\target\classes\books\crystal-caverns.json]
2026-02-10 19:56:15 [main] ERROR p.f.adventure.loader.BooksLoader - Empty resource file : dragon-quest.json
2026-02-10 19:56:15 [main] INFO  p.f.adventure.loader.BooksLoader - loaded : file [C:\work\jobs\40 - Pictet\adventure-books\target\classes\books\dragon-quest.json]
2026-02-10 19:56:15 [main] INFO  p.f.adventure.aspects.LoggingAspect - Repo Method Started: existsByTitleIgnoreCaseAndAuthorIgnoreCase
2026-02-10 19:56:15 [main] INFO  p.f.adventure.aspects.LoggingAspect - - Arguments: Pirates of the Jade Sea II - The Sequel
2026-02-10 19:56:15 [main] INFO  p.f.adventure.aspects.LoggingAspect - Repo Method existsByTitleIgnoreCaseAndAuthorIgnoreCase returned true
2026-02-10 19:56:15 [main] INFO  p.f.adventure.loader.BooksLoader - Skipped book: Pirates of the Jade Sea II - The Sequel by Marina Blackwood
2026-02-10 19:56:15 [main] INFO  p.f.adventure.loader.BooksLoader - loaded : file [C:\work\jobs\40 - Pictet\adventure-books\target\classes\books\pirates-jade-sea-good.json]
2026-02-10 19:56:15 [main] INFO  p.f.adventure.aspects.LoggingAspect - Repo Method Started: existsByTitleIgnoreCaseAndAuthorIgnoreCase
2026-02-10 19:56:15 [main] INFO  p.f.adventure.aspects.LoggingAspect - - Arguments: Pirates of the Jade Sea
2026-02-10 19:56:15 [main] INFO  p.f.adventure.aspects.LoggingAspect - Repo Method existsByTitleIgnoreCaseAndAuthorIgnoreCase returned true
2026-02-10 19:56:15 [main] INFO  p.f.adventure.loader.BooksLoader - Skipped book: Pirates of the Jade Sea by Marina Blackwood
2026-02-10 19:56:15 [main] INFO  p.f.adventure.loader.BooksLoader - loaded : file [C:\work\jobs\40 - Pictet\adventure-books\target\classes\books\pirates-jade-sea.json]
2026-02-10 19:56:15 [main] INFO  p.f.adventure.aspects.LoggingAspect - Repo Method Started: existsByTitleIgnoreCaseAndAuthorIgnoreCase
2026-02-10 19:56:15 [main] INFO  p.f.adventure.aspects.LoggingAspect - - Arguments: The Prisoner II - The Sequel
2026-02-10 19:56:15 [main] INFO  p.f.adventure.aspects.LoggingAspect - Repo Method existsByTitleIgnoreCaseAndAuthorIgnoreCase returned true
2026-02-10 19:56:15 [main] INFO  p.f.adventure.loader.BooksLoader - Skipped book: The Prisoner II - The Sequel by Daniel El Fuego
2026-02-10 19:56:15 [main] INFO  p.f.adventure.loader.BooksLoader - loaded : file [C:\work\jobs\40 - Pictet\adventure-books\target\classes\books\the-prisoner-good.json]
2026-02-10 19:56:15 [main] INFO  p.f.adventure.aspects.LoggingAspect - Repo Method Started: existsByTitleIgnoreCaseAndAuthorIgnoreCase
2026-02-10 19:56:15 [main] INFO  p.f.adventure.aspects.LoggingAspect - - Arguments: The Prisoner
2026-02-10 19:56:15 [main] INFO  p.f.adventure.aspects.LoggingAspect - Repo Method existsByTitleIgnoreCaseAndAuthorIgnoreCase returned true
2026-02-10 19:56:15 [main] INFO  p.f.adventure.loader.BooksLoader - Skipped book: The Prisoner by Daniel El Fuego
2026-02-10 19:56:15 [main] INFO  p.f.adventure.loader.BooksLoader - loaded : file [C:\work\jobs\40 - Pictet\adventure-books\target\classes\books\the-prisoner.json]
2026-02-10 19:56:15 [main] WARN  o.s.b.j.a.JpaBaseConfiguration$JpaWebConfiguration - spring.jpa.open-in-view is enabled by default. Therefore, database queries may be performed during view rendering. Explicitly configure spring.jpa.open-in-view to disable this warning
2026-02-10 19:56:16 [main] INFO  o.s.v.b.OptionalValidatorFactoryBean - Failed to set up a Bean Validation provider: jakarta.validation.NoProviderFoundException: Unable to create a Configuration, because no Jakarta Validation provider could be found. Add a provider like Hibernate Validator (RI) to your classpath.
2026-02-10 19:56:16 [main] INFO  o.s.b.a.e.web.EndpointLinksResolver - Exposing 1 endpoint beneath base path '/actuator'
2026-02-10 19:56:16 [main] INFO  o.a.coyote.http11.Http11NioProtocol - Starting ProtocolHandler ["http-nio-8080"]
2026-02-10 19:56:16 [main] INFO  o.s.boot.tomcat.TomcatWebServer - Tomcat started on port 8080 (http) with context path '/'
2026-02-10 19:56:16 [main] INFO  p.f.adventure.AdventureApplication - Started AdventureApplication in 8.162 seconds (process running for 8.617)
2026-02-10 19:56:17 [RMI TCP Connection(3)-192.168.1.103] INFO  o.a.c.c.C.[Tomcat].[localhost].[/] - Initializing Spring DispatcherServlet 'dispatcherServlet'
2026-02-10 19:56:17 [RMI TCP Connection(3)-192.168.1.103] INFO  o.s.web.servlet.DispatcherServlet - Initializing Servlet 'dispatcherServlet'
2026-02-10 19:56:17 [RMI TCP Connection(3)-192.168.1.103] INFO  o.s.web.servlet.DispatcherServlet - Completed initialization in 3 ms
2026-02-10 19:56:26 [http-nio-8080-exec-2] INFO  p.f.adventure.aspects.LoggingAspect - Service Method Started: listAllFiltered
2026-02-10 19:56:26 [http-nio-8080-exec-2] INFO  p.f.adventure.aspects.LoggingAspect - - Arguments: Optional.empty
2026-02-10 19:56:26 [http-nio-8080-exec-2] INFO  p.f.adventure.aspects.LoggingAspect - Repo Method Started: findAll
2026-02-10 19:56:26 [http-nio-8080-exec-2] INFO  p.f.adventure.aspects.LoggingAspect - - Arguments: prs.fmtareco.adventure.repository.BookRepository$$Lambda/0x000001b043dcdd78@59b0725d
2026-02-10 19:56:27 [http-nio-8080-exec-2] INFO  p.f.adventure.aspects.LoggingAspect - Repo Method findAll returned Page 1 of 37 containing prs.fmtareco.adventure.model.Book instances
2026-02-10 19:56:27 [http-nio-8080-exec-2] INFO  p.f.adventure.aspects.LoggingAspect - Service Method listAllFiltered returned Page 1 of 37 containing prs.fmtareco.adventure.dtos.BookSummary instances
2026-02-10 19:56:27 [http-nio-8080-exec-2] INFO  p.f.a.aspects.ExecutionTrackerAspect - Execution time for listAllFiltered : 129 ms 
2026-02-10 19:56:27 [http-nio-8080-exec-2] WARN  o.s.d.w.c.SpringDataJackson3Configuration$PageModule$WarningLoggingModifier - Serializing PageImpl instances as-is is not supported, meaning that there is no guarantee about the stability of the resulting JSON structure!
	For a stable JSON structure, please use Spring Data's PagedModel (globally via @EnableSpringDataWebSupport(pageSerializationMode = VIA_DTO))
	or Spring HATEOAS and Spring Data's PagedResourcesAssembler as documented in https://docs.spring.io/spring-data/commons/reference/repositories/core-extensions.html#core.web.pageables.

2026-02-10 19:56:37 [http-nio-8080-exec-3] INFO  p.f.adventure.aspects.LoggingAspect - Service Method Started: listAllGames
2026-02-10 19:56:37 [http-nio-8080-exec-3] INFO  p.f.adventure.aspects.LoggingAspect - - Arguments: Optional.empty
2026-02-10 19:56:37 [http-nio-8080-exec-3] INFO  p.f.adventure.aspects.LoggingAspect - Repo Method Started: findAll
2026-02-10 19:56:37 [http-nio-8080-exec-3] INFO  p.f.adventure.aspects.LoggingAspect - - Arguments: Page request [number: 0, size 10, sort: id: ASC]
2026-02-10 19:56:37 [http-nio-8080-exec-3] INFO  p.f.adventure.aspects.LoggingAspect - Repo Method findAll returned Page 1 of 3 containing prs.fmtareco.adventure.model.Game instances
2026-02-10 19:56:37 [http-nio-8080-exec-3] INFO  p.f.adventure.aspects.LoggingAspect - Service Method listAllGames returned Page 1 of 3 containing prs.fmtareco.adventure.dtos.GameSummary instances
2026-02-10 19:56:37 [http-nio-8080-exec-3] INFO  p.f.a.aspects.ExecutionTrackerAspect - Execution time for listAllGames : 50 ms 
2026-02-10 19:56:52 [http-nio-8080-exec-4] INFO  p.f.adventure.aspects.LoggingAspect - Service Method Started: startGame
2026-02-10 19:56:52 [http-nio-8080-exec-4] INFO  p.f.adventure.aspects.LoggingAspect - - Arguments: 102
2026-02-10 19:56:52 [http-nio-8080-exec-4] INFO  p.f.adventure.aspects.LoggingAspect - Repo Method Started: findById
2026-02-10 19:56:52 [http-nio-8080-exec-4] INFO  p.f.adventure.aspects.LoggingAspect - - Arguments: 102
2026-02-10 19:56:52 [http-nio-8080-exec-4] INFO  p.f.adventure.aspects.LoggingAspect - Repo Method findById returned Optional[prs.fmtareco.adventure.model.Book@4bbf4627]
2026-02-10 19:56:52 [http-nio-8080-exec-4] INFO  p.f.adventure.aspects.LoggingAspect - Repo Method Started: save
2026-02-10 19:56:52 [http-nio-8080-exec-4] INFO  p.f.adventure.aspects.LoggingAspect - - Arguments: prs.fmtareco.adventure.model.Game@361a3c83
2026-02-10 19:56:52 [http-nio-8080-exec-4] INFO  p.f.adventure.aspects.LoggingAspect - Repo Method save returned prs.fmtareco.adventure.model.Game@361a3c83
2026-02-10 19:56:52 [http-nio-8080-exec-4] INFO  p.f.adventure.aspects.LoggingAspect - Service Method startGame returned GameDetails[game=31, book=Pirates of the Jade Sea II - The Sequel, before=Book just Opened, move=Game Started, outcome=, position=The salty breeze carries the cries of distant gulls as your ship sails across the shimmering Jade Sea. Rumors speak of hidden treasure on the Isle of Serpents., health=10, status=STARTED, options=[GameOption[option=0, description=Restart Game], GameOption[option=1, description=Take the helm and steer toward the Isle of Serpents], GameOption[option=2, description=Interrogate the captured pirate in the brig]]]
2026-02-10 19:56:52 [http-nio-8080-exec-4] INFO  p.f.a.aspects.ExecutionTrackerAspect - Execution time for startGame : 71 ms 
2026-02-10 19:57:21 [http-nio-8080-exec-6] INFO  p.f.adventure.aspects.LoggingAspect - Service Method Started: takeOption
2026-02-10 19:57:21 [http-nio-8080-exec-6] INFO  p.f.adventure.aspects.LoggingAspect - - Arguments: 31
2026-02-10 19:57:21 [http-nio-8080-exec-6] INFO  p.f.adventure.aspects.LoggingAspect - Repo Method Started: findById
2026-02-10 19:57:21 [http-nio-8080-exec-6] INFO  p.f.adventure.aspects.LoggingAspect - - Arguments: 31
2026-02-10 19:57:21 [http-nio-8080-exec-6] INFO  p.f.adventure.aspects.LoggingAspect - Repo Method findById returned Optional[prs.fmtareco.adventure.model.Game@1eff93a0]
2026-02-10 19:57:21 [http-nio-8080-exec-6] INFO  p.f.adventure.aspects.LoggingAspect - Repo Method Started: save
2026-02-10 19:57:21 [http-nio-8080-exec-6] INFO  p.f.adventure.aspects.LoggingAspect - - Arguments: prs.fmtareco.adventure.model.Game@1eff93a0
2026-02-10 19:57:21 [http-nio-8080-exec-6] INFO  p.f.adventure.aspects.LoggingAspect - Repo Method save returned prs.fmtareco.adventure.model.Game@1eff93a0
2026-02-10 19:57:21 [http-nio-8080-exec-6] INFO  p.f.adventure.aspects.LoggingAspect - Service Method takeOption returned GameDetails[game=31, book=Pirates of the Jade Sea II - The Sequel, before=The salty breeze carries the cries of distant gulls as your ship sails across the shimmering Jade Sea. Rumors speak of hidden treasure on the Isle of Serpents., move=Take the helm and steer toward the Isle of Serpents, outcome=, position=After hours of waiting, the storm clears and the Isle of Serpents looms ahead, shrouded in mist., health=10, status=ACTIVE, options=[GameOption[option=0, description=Restart Game], GameOption[option=1, description=Explore the island]]]
2026-02-10 19:57:26 [http-nio-8080-exec-7] INFO  p.f.adventure.aspects.LoggingAspect - Service Method Started: takeOption
2026-02-10 19:57:26 [http-nio-8080-exec-7] INFO  p.f.adventure.aspects.LoggingAspect - - Arguments: 31
2026-02-10 19:57:26 [http-nio-8080-exec-7] INFO  p.f.adventure.aspects.LoggingAspect - Repo Method Started: findById
2026-02-10 19:57:26 [http-nio-8080-exec-7] INFO  p.f.adventure.aspects.LoggingAspect - - Arguments: 31
2026-02-10 19:57:26 [http-nio-8080-exec-7] INFO  p.f.adventure.aspects.LoggingAspect - Repo Method findById returned Optional[prs.fmtareco.adventure.model.Game@3d24c497]
2026-02-10 19:57:26 [http-nio-8080-exec-7] INFO  p.f.adventure.aspects.LoggingAspect - Repo Method Started: save
2026-02-10 19:57:26 [http-nio-8080-exec-7] INFO  p.f.adventure.aspects.LoggingAspect - - Arguments: prs.fmtareco.adventure.model.Game@3d24c497
2026-02-10 19:57:26 [http-nio-8080-exec-7] INFO  p.f.adventure.aspects.LoggingAspect - Repo Method save returned prs.fmtareco.adventure.model.Game@3d24c497
2026-02-10 19:57:26 [http-nio-8080-exec-7] INFO  p.f.adventure.aspects.LoggingAspect - Service Method takeOption returned GameDetails[game=31, book=Pirates of the Jade Sea II - The Sequel, before=After hours of waiting, the storm clears and the Isle of Serpents looms ahead, shrouded in mist., move=Explore the island, outcome=, position=You step onto the white sands of the Isle of Serpents. Ancient ruins rise above the jungle canopy., health=10, status=ACTIVE, options=[GameOption[option=0, description=Restart Game], GameOption[option=1, description=Climb the tallest ruin for a better view], GameOption[option=2, description=Search the ruins for treasure]]]
2026-02-10 19:57:29 [http-nio-8080-exec-8] INFO  p.f.adventure.aspects.LoggingAspect - Service Method Started: takeOption
2026-02-10 19:57:29 [http-nio-8080-exec-8] INFO  p.f.adventure.aspects.LoggingAspect - - Arguments: 31
2026-02-10 19:57:29 [http-nio-8080-exec-8] INFO  p.f.adventure.aspects.LoggingAspect - Repo Method Started: findById
2026-02-10 19:57:29 [http-nio-8080-exec-8] INFO  p.f.adventure.aspects.LoggingAspect - - Arguments: 31
2026-02-10 19:57:29 [http-nio-8080-exec-8] INFO  p.f.adventure.aspects.LoggingAspect - Repo Method findById returned Optional[prs.fmtareco.adventure.model.Game@388b16b0]
2026-02-10 19:57:29 [http-nio-8080-exec-8] INFO  p.f.adventure.aspects.LoggingAspect - Repo Method Started: save
2026-02-10 19:57:29 [http-nio-8080-exec-8] INFO  p.f.adventure.aspects.LoggingAspect - - Arguments: prs.fmtareco.adventure.model.Game@388b16b0
2026-02-10 19:57:29 [http-nio-8080-exec-8] INFO  p.f.adventure.aspects.LoggingAspect - Repo Method save returned prs.fmtareco.adventure.model.Game@388b16b0
2026-02-10 19:57:29 [http-nio-8080-exec-8] INFO  p.f.adventure.aspects.LoggingAspect - Service Method takeOption returned GameDetails[game=31, book=Pirates of the Jade Sea II - The Sequel, before=You step onto the white sands of the Isle of Serpents. Ancient ruins rise above the jungle canopy., move=Climb the tallest ruin for a better view, outcome=, position=From the top of the ruins, you spot a hidden lagoon surrounded by jagged cliffs., health=10, status=ACTIVE, options=[GameOption[option=0, description=Restart Game], GameOption[option=1, description=Head toward the hidden lagoon]]]
2026-02-10 19:57:31 [http-nio-8080-exec-9] INFO  p.f.adventure.aspects.LoggingAspect - Service Method Started: takeOption
2026-02-10 19:57:31 [http-nio-8080-exec-9] INFO  p.f.adventure.aspects.LoggingAspect - - Arguments: 31
2026-02-10 19:57:31 [http-nio-8080-exec-9] INFO  p.f.adventure.aspects.LoggingAspect - Repo Method Started: findById
2026-02-10 19:57:31 [http-nio-8080-exec-9] INFO  p.f.adventure.aspects.LoggingAspect - - Arguments: 31
2026-02-10 19:57:31 [http-nio-8080-exec-9] INFO  p.f.adventure.aspects.LoggingAspect - Repo Method findById returned Optional[prs.fmtareco.adventure.model.Game@3ee0dea1]
2026-02-10 19:57:31 [http-nio-8080-exec-9] INFO  p.f.adventure.aspects.LoggingAspect - Repo Method Started: save
2026-02-10 19:57:31 [http-nio-8080-exec-9] INFO  p.f.adventure.aspects.LoggingAspect - - Arguments: prs.fmtareco.adventure.model.Game@3ee0dea1
2026-02-10 19:57:31 [http-nio-8080-exec-9] INFO  p.f.adventure.aspects.LoggingAspect - Repo Method save returned prs.fmtareco.adventure.model.Game@3ee0dea1
2026-02-10 19:57:31 [http-nio-8080-exec-9] INFO  p.f.adventure.aspects.LoggingAspect - Service Method takeOption returned GameDetails[game=31, book=Pirates of the Jade Sea II - The Sequel, before=From the top of the ruins, you spot a hidden lagoon surrounded by jagged cliffs., move=Head toward the hidden lagoon, outcome=, position=You reach a secret pirate hideout filled with treasure. The crew celebrates your discovery., health=10, status=SUCCEEDED, options=[GameOption[option=0, description=Restart Game]]]
2026-02-10 19:57:39 [SpringApplicationShutdownHook] INFO  o.s.boot.tomcat.GracefulShutdown - Commencing graceful shutdown. Waiting for active requests to complete
2026-02-10 19:57:39 [tomcat-shutdown] INFO  o.s.boot.tomcat.GracefulShutdown - Graceful shutdown complete
2026-02-10 19:57:39 [SpringApplicationShutdownHook] INFO  o.s.o.j.LocalContainerEntityManagerFactoryBean - Closing JPA EntityManagerFactory for persistence unit 'default'
2026-02-10 19:57:39 [SpringApplicationShutdownHook] INFO  com.zaxxer.hikari.HikariDataSource - HikariPool-1 - Shutdown initiated...
2026-02-10 19:57:39 [SpringApplicationShutdownHook] INFO  com.zaxxer.hikari.HikariDataSource - HikariPool-1 - Shutdown completed.
